{
  "0 debug pnpm:scope": {
    "selected": 1
  },
  "1 error pnpm": {
    "message": {
      "errno": 1,
      "code": "ELIFECYCLE",
      "pkgid": "visu-js@1.0.0",
      "stage": "start",
      "script": "gulp",
      "pkgname": "visu-js"
    },
    "err": {
      "name": "Error",
      "message": "visu-js@1.0.0 start: `gulp`\nExit status 1",
      "code": "ELIFECYCLE",
      "stack": "Error: visu-js@1.0.0 start: `gulp`\nExit status 1\n    at EventEmitter.<anonymous> (/usr/local/pnpm-global/3/node_modules/.pnpm/registry.npmjs.org/pnpm/4.14.0/node_modules/pnpm/lib/node_modules/@zkochan/npm-lifecycle/index.js:302:16)\n    at EventEmitter.emit (events.js:223:5)\n    at ChildProcess.<anonymous> (/usr/local/pnpm-global/3/node_modules/.pnpm/registry.npmjs.org/pnpm/4.14.0/node_modules/pnpm/lib/node_modules/@zkochan/npm-lifecycle/lib/spawn.js:55:14)\n    at ChildProcess.emit (events.js:223:5)\n    at maybeClose (internal/child_process.js:1021:16)\n    at Process.ChildProcess._handle.onexit (internal/child_process.js:283:5)"
    }
  }
}